<?xml version="1.0" encoding="UTF-8"?>
<!-- Generated by org.testng.reporters.JUnitXMLReporter -->
<testsuite hostname="bhalerao" ignored="0" name="Default test" tests="4" failures="0" timestamp="09 Jun 2018 06:23:59 GMT" time="0.08" errors="0">
  <testcase name="f4" time="0.02" classname="testngdemo.NewTest2"/>
  <testcase name="f3" time="0.0" classname="testngdemo.NewTest2"/>
  <testcase name="f2" time="0.0" classname="testngdemo.NewTest2"/>
  <testcase name="f1" time="0.0" classname="testngdemo.NewTest2"/>
</testsuite> <!-- Default test -->
