<?xml version="1.0" encoding="UTF-8"?>
<testng-results skipped="0" failed="0" ignored="0" total="4" passed="4">
  <reporter-output>
  </reporter-output>
  <suite name="Default suite" duration-ms="80" started-at="2018-06-09T06:23:59Z" finished-at="2018-06-09T06:23:59Z">
    <groups>
    </groups>
    <test name="Default test" duration-ms="80" started-at="2018-06-09T06:23:59Z" finished-at="2018-06-09T06:23:59Z">
      <class name="testngdemo.NewTest2">
        <test-method status="PASS" signature="f4()[pri:0, instance:testngdemo.NewTest2@1810399e]" name="f4" duration-ms="20" started-at="2018-06-09T06:23:59Z" finished-at="2018-06-09T06:23:59Z">
          <reporter-output>
          </reporter-output>
        </test-method> <!-- f4 -->
        <test-method status="PASS" signature="f3()[pri:1, instance:testngdemo.NewTest2@1810399e]" name="f3" duration-ms="0" started-at="2018-06-09T06:23:59Z" finished-at="2018-06-09T06:23:59Z">
          <reporter-output>
          </reporter-output>
        </test-method> <!-- f3 -->
        <test-method status="PASS" signature="f2()[pri:2, instance:testngdemo.NewTest2@1810399e]" name="f2" duration-ms="0" started-at="2018-06-09T06:23:59Z" finished-at="2018-06-09T06:23:59Z">
          <reporter-output>
          </reporter-output>
        </test-method> <!-- f2 -->
        <test-method status="PASS" signature="f1()[pri:3, instance:testngdemo.NewTest2@1810399e]" name="f1" duration-ms="0" started-at="2018-06-09T06:23:59Z" finished-at="2018-06-09T06:23:59Z">
          <reporter-output>
          </reporter-output>
        </test-method> <!-- f1 -->
      </class> <!-- testngdemo.NewTest2 -->
    </test> <!-- Default test -->
  </suite> <!-- Default suite -->
</testng-results>
